<?xml version="1.0" encoding="UTF-8"?>
<!-- Generated by org.testng.reporters.JUnitXMLReporter -->
<testsuite ignored="0" hostname="TYSS-Tanuja-N-Sonawale" failures="0" tests="2" name="Default test" time="24.089" errors="0" timestamp="2024-07-30T11:30:32 IST">
  <testcase classname="testCases.TC01_CreateOrganization_Test" name="creatingOrg_Test" time="6.148"/>
  <testcase classname="testCases.TC01_CreateOrganization_Test" name="viewOrg_Test" time="5.314"/>
</testsuite> <!-- Default test -->
