<?xml version="1.0" encoding="UTF-8"?>
<!-- Generated by org.testng.reporters.JUnitXMLReporter -->
<testsuite ignored="0" hostname="TYSS-Tanuja-N-Sonawale" failures="0" tests="3" name="Default test" time="28.304" errors="0" timestamp="2024-09-30T11:07:01 IST">
  <testcase classname="testCases.SimpleTestCase_Test" name="show1_Test" time="0.025"/>
  <testcase classname="testCases.SimpleTestCase_Test" name="show2_Test" time="0.017"/>
  <testcase classname="testCases.SimpleTestCase_Test" name="show_Test" time="0.0"/>
</testsuite> <!-- Default test -->
