<?xml version="1.0" encoding="UTF-8"?>
<!-- Generated by org.testng.reporters.JUnitXMLReporter -->
<testsuite ignored="5" hostname="TYSS-Tanuja-N-Sonawale" failures="0" tests="2" name="Test" time="33.371" errors="0" timestamp="2024-09-03T15:48:39 IST">
  <testcase classname="testCases.SimpleTestCase_Test" name="show_Test" time="0.028"/>
  <testcase classname="testCases.TC01_CreateOrganization_Test" name="creatingOrg_Test" time="9.591"/>
  <testcase classname="baseUtility.BaseTest" name="@AfterSuite itsAfterSuite" time="0.0">
    <ignored/>
  </testcase> <!-- @AfterSuite itsAfterSuite -->
  <testcase classname="testCases.SimpleTestCase_Test" name="show2_Test" time="0.0">
    <ignored/>
  </testcase> <!-- show2_Test -->
  <testcase classname="testCases.SimpleTestCase_Test" name="show1_Test" time="0.0">
    <ignored/>
  </testcase> <!-- show1_Test -->
  <testcase classname="baseUtility.BaseTest" name="@BeforeSuite itsBeforeSuite" time="0.0">
    <ignored/>
  </testcase> <!-- @BeforeSuite itsBeforeSuite -->
  <testcase classname="testCases.TC01_CreateOrganization_Test" name="viewOrg_Test" time="0.0">
    <ignored/>
  </testcase> <!-- viewOrg_Test -->
</testsuite> <!-- Test -->
