<?xml version="1.0" encoding="UTF-8"?>
<testng-results ignored="0" total="1" passed="1" failed="0" skipped="0">
  <reporter-output>
    <line>
      <![CDATA[Before Suite Started]]>
    </line>
    <line>
      <![CDATA[Before Class Started]]>
    </line>
    <line>
      <![CDATA[Before Method Started]]>
    </line>
    <line>
      <![CDATA[creatingOrg_Test method of TC01_CreateOrganization_Test class]]>
    </line>
    <line>
      <![CDATA[After Method Started]]>
    </line>
    <line>
      <![CDATA[After Class Started]]>
    </line>
    <line>
      <![CDATA[After Suite Started]]>
    </line>
  </reporter-output>
  <suite started-at="2024-08-12T10:19:05 IST" name="Default suite" finished-at="2024-08-12T10:19:26 IST" duration-ms="21105">
    <groups>
      <group name="Smoke">
        <method signature="TC01_CreateOrganization_Test.creatingOrg_Test()[pri:0, instance:testCases.TC01_CreateOrganization_Test@76b1e9b8]" name="creatingOrg_Test" class="testCases.TC01_CreateOrganization_Test"/>
      </group> <!-- Smoke -->
    </groups>
    <test started-at="2024-08-12T10:19:05 IST" name="Default test" finished-at="2024-08-12T10:19:26 IST" duration-ms="21105">
      <class name="testCases.TC01_CreateOrganization_Test">
        <test-method is-config="true" signature="itsBeforeSuite()[pri:0, instance:testCases.TC01_CreateOrganization_Test@76b1e9b8]" started-at="2024-08-12T10:19:05 IST" name="itsBeforeSuite" finished-at="2024-08-12T10:19:05 IST" duration-ms="114" status="PASS">
          <reporter-output>
            <line>
              <![CDATA[Before Suite Started]]>
            </line>
          </reporter-output>
        </test-method> <!-- itsBeforeSuite -->
        <test-method is-config="true" signature="itsBeforeClass()[pri:0, instance:testCases.TC01_CreateOrganization_Test@76b1e9b8]" started-at="2024-08-12T10:19:05 IST" name="itsBeforeClass" finished-at="2024-08-12T10:19:06 IST" duration-ms="360" status="PASS">
          <reporter-output>
            <line>
              <![CDATA[Before Class Started]]>
            </line>
          </reporter-output>
        </test-method> <!-- itsBeforeClass -->
        <test-method is-config="true" signature="itsBeforeMethod()[pri:0, instance:testCases.TC01_CreateOrganization_Test@76b1e9b8]" started-at="2024-08-12T10:19:06 IST" name="itsBeforeMethod" finished-at="2024-08-12T10:19:13 IST" duration-ms="7559" status="PASS">
          <reporter-output>
            <line>
              <![CDATA[Before Method Started]]>
            </line>
          </reporter-output>
        </test-method> <!-- itsBeforeMethod -->
        <test-method signature="creatingOrg_Test()[pri:0, instance:testCases.TC01_CreateOrganization_Test@76b1e9b8]" started-at="2024-08-12T10:19:13 IST" name="creatingOrg_Test" finished-at="2024-08-12T10:19:22 IST" duration-ms="8275" status="PASS">
          <reporter-output>
            <line>
              <![CDATA[creatingOrg_Test method of TC01_CreateOrganization_Test class]]>
            </line>
          </reporter-output>
        </test-method> <!-- creatingOrg_Test -->
        <test-method is-config="true" signature="itsAfterMethod()[pri:0, instance:testCases.TC01_CreateOrganization_Test@76b1e9b8]" started-at="2024-08-12T10:19:22 IST" name="itsAfterMethod" finished-at="2024-08-12T10:19:26 IST" duration-ms="4584" status="PASS">
          <reporter-output>
            <line>
              <![CDATA[After Method Started]]>
            </line>
          </reporter-output>
        </test-method> <!-- itsAfterMethod -->
        <test-method is-config="true" signature="itsAfterClass()[pri:0, instance:testCases.TC01_CreateOrganization_Test@76b1e9b8]" started-at="2024-08-12T10:19:26 IST" name="itsAfterClass" finished-at="2024-08-12T10:19:26 IST" duration-ms="285" status="PASS">
          <reporter-output>
            <line>
              <![CDATA[After Class Started]]>
            </line>
          </reporter-output>
        </test-method> <!-- itsAfterClass -->
        <test-method is-config="true" signature="itsAfterSuite()[pri:0, instance:testCases.TC01_CreateOrganization_Test@76b1e9b8]" started-at="2024-08-12T10:19:27 IST" name="itsAfterSuite" finished-at="2024-08-12T10:19:27 IST" duration-ms="709" status="PASS">
          <reporter-output>
            <line>
              <![CDATA[After Suite Started]]>
            </line>
          </reporter-output>
        </test-method> <!-- itsAfterSuite -->
      </class> <!-- testCases.TC01_CreateOrganization_Test -->
    </test> <!-- Default test -->
  </suite> <!-- Default suite -->
</testng-results>
